[    1987ms] [ERROR] Failed to load resource: the server responded with a status of 404 (Not Found) @ http://localhost:3001/manifest.json:0
[    1988ms] [ERROR] Manifest fetch from http://localhost:3001/manifest.json failed, code 404 @ http://localhost:3001/en:0
[    2268ms] [WARNING] Image with src "/caramel blocks.png" has either width or height modified, but not the other. If you use CSS to change the size of your image, also include the styles 'width: "auto"' or 'height: "auto"' to maintain the aspect ratio. @ http://localhost:3001/_next/static/chunks/node_modules_next_dist_f3530cac._.js:2297
[    2269ms] [WARNING] Image with src "/caramel bloks 2.png" has either width or height modified, but not the other. If you use CSS to change the size of your image, also include the styles 'width: "auto"' or 'height: "auto"' to maintain the aspect ratio. @ http://localhost:3001/_next/static/chunks/node_modules_next_dist_f3530cac._.js:2297
[    2269ms] [WARNING] Image with src "/bars.png" has either width or height modified, but not the other. If you use CSS to change the size of your image, also include the styles 'width: "auto"' or 'height: "auto"' to maintain the aspect ratio. @ http://localhost:3001/_next/static/chunks/node_modules_next_dist_f3530cac._.js:2297
[    2269ms] [WARNING] Image with src "/bars 1.png" has either width or height modified, but not the other. If you use CSS to change the size of your image, also include the styles 'width: "auto"' or 'height: "auto"' to maintain the aspect ratio. @ http://localhost:3001/_next/static/chunks/node_modules_next_dist_f3530cac._.js:2297
[    2269ms] [WARNING] Image with src "/beverage 1.png" has either width or height modified, but not the other. If you use CSS to change the size of your image, also include the styles 'width: "auto"' or 'height: "auto"' to maintain the aspect ratio. @ http://localhost:3001/_next/static/chunks/node_modules_next_dist_f3530cac._.js:2297
[    2269ms] [WARNING] Image with src "/bars 2.png" has either width or height modified, but not the other. If you use CSS to change the size of your image, also include the styles 'width: "auto"' or 'height: "auto"' to maintain the aspect ratio. @ http://localhost:3001/_next/static/chunks/node_modules_next_dist_f3530cac._.js:2297
[    2275ms] [WARNING] Image with src "/donut 5.png" has either width or height modified, but not the other. If you use CSS to change the size of your image, also include the styles 'width: "auto"' or 'height: "auto"' to maintain the aspect ratio. @ http://localhost:3001/_next/static/chunks/node_modules_next_dist_f3530cac._.js:2297
[    2475ms] [WARNING] Image with src "/donut 4.png" has "fill" but is missing "sizes" prop. Please add it to improve page performance. Read more: https://nextjs.org/docs/api-reference/next/image#sizes @ http://localhost:3001/_next/static/chunks/node_modules_next_dist_f3530cac._.js:2297
[    2732ms] [WARNING] Image with src "/donut 5.png" has "fill" but is missing "sizes" prop. Please add it to improve page performance. Read more: https://nextjs.org/docs/api-reference/next/image#sizes @ http://localhost:3001/_next/static/chunks/node_modules_next_dist_f3530cac._.js:2297
[    2934ms] [WARNING] Image with src "/donut 6 (2).png" has "fill" but is missing "sizes" prop. Please add it to improve page performance. Read more: https://nextjs.org/docs/api-reference/next/image#sizes @ http://localhost:3001/_next/static/chunks/node_modules_next_dist_f3530cac._.js:2297
[    3062ms] [WARNING] Image with src "/donut (3).png" has "fill" but is missing "sizes" prop. Please add it to improve page performance. Read more: https://nextjs.org/docs/api-reference/next/image#sizes @ http://localhost:3001/_next/static/chunks/node_modules_next_dist_f3530cac._.js:2297
[    3063ms] [WARNING] Image with src "/donut-empty.png" has either width or height modified, but not the other. If you use CSS to change the size of your image, also include the styles 'width: "auto"' or 'height: "auto"' to maintain the aspect ratio. @ http://localhost:3001/_next/static/chunks/node_modules_next_dist_f3530cac._.js:2297
[    9656ms] [WARNING] Image with src "/beverage 1.png" was detected as the Largest Contentful Paint (LCP). Please add the `loading="eager"` property if this image is above the fold.
Read more: https://nextjs.org/docs/app/api-reference/components/image#loading @ http://localhost:3001/_next/static/chunks/node_modules_next_dist_f3530cac._.js:2297
[   41784ms] [WARNING] Image with src "/donut 3.png" has either width or height modified, but not the other. If you use CSS to change the size of your image, also include the styles 'width: "auto"' or 'height: "auto"' to maintain the aspect ratio. @ http://localhost:3001/_next/static/chunks/node_modules_next_dist_f3530cac._.js:2297
[   47780ms] [WARNING] Image with src "/donut 6 (2).png" has either width or height modified, but not the other. If you use CSS to change the size of your image, also include the styles 'width: "auto"' or 'height: "auto"' to maintain the aspect ratio. @ http://localhost:3001/_next/static/chunks/node_modules_next_dist_f3530cac._.js:2297
[  100074ms] [WARNING] Image with src "/donut (3).png" has either width or height modified, but not the other. If you use CSS to change the size of your image, also include the styles 'width: "auto"' or 'height: "auto"' to maintain the aspect ratio. @ http://localhost:3001/_next/static/chunks/node_modules_next_dist_f3530cac._.js:2297
[  113120ms] [WARNING] Image with src "/donut.png" has either width or height modified, but not the other. If you use CSS to change the size of your image, also include the styles 'width: "auto"' or 'height: "auto"' to maintain the aspect ratio. @ http://localhost:3001/_next/static/chunks/node_modules_next_dist_f3530cac._.js:2297
