[    2622ms] [ERROR] Failed to load resource: the server responded with a status of 404 (Not Found) @ http://localhost:3001/icons/icon-144x144.png:0
[    2632ms] [WARNING] Error while trying to use the following icon from the Manifest: http://localhost:3001/icons/icon-144x144.png (Download error or resource isn't a valid image) @ http://localhost:3001/tr:0
[ 1947909ms] [ERROR] Failed to load resource: the server responded with a status of 404 (Not Found) @ http://localhost:3001/icons/icon-144x144.png:0
[ 1947916ms] [WARNING] Error while trying to use the following icon from the Manifest: http://localhost:3001/icons/icon-144x144.png (Download error or resource isn't a valid image) @ http://localhost:3001/tr:0
[ 1978384ms] [ERROR] Failed to load resource: the server responded with a status of 404 (Not Found) @ http://localhost:3001/tr?_rsc=amg4j:0
[ 1979422ms] [ERROR] Failed to load resource: the server responded with a status of 404 (Not Found) @ http://localhost:3001/icons/icon-144x144.png:0
[ 1979483ms] [WARNING] Error while trying to use the following icon from the Manifest: http://localhost:3001/icons/icon-144x144.png (Download error or resource isn't a valid image) @ http://localhost:3001/tr:0
[ 2081047ms] [ERROR] Failed to load resource: the server responded with a status of 404 (Not Found) @ http://localhost:3001/icons/icon-144x144.png:0
[ 2081056ms] [WARNING] Error while trying to use the following icon from the Manifest: http://localhost:3001/icons/icon-144x144.png (Download error or resource isn't a valid image) @ http://localhost:3001/tr:0
[ 2124229ms] [ERROR] Failed to load resource: the server responded with a status of 404 (Not Found) @ http://localhost:3001/icons/icon-144x144.png:0
[ 2124239ms] [WARNING] Error while trying to use the following icon from the Manifest: http://localhost:3001/icons/icon-144x144.png (Download error or resource isn't a valid image) @ http://localhost:3001/tr:0
[ 2124635ms] [WARNING] Image with src "/51506fab3439193252f9ee96e1a40b5f.png" has either width or height modified, but not the other. If you use CSS to change the size of your image, also include the styles 'width: "auto"' or 'height: "auto"' to maintain the aspect ratio. @ http://localhost:3001/_next/static/chunks/node_modules_next_dist_f3530cac._.js:2297
[ 2124678ms] [WARNING] Image with src "/956a13bc6cd7e0c9fc942ab523d984a8.png" has either width or height modified, but not the other. If you use CSS to change the size of your image, also include the styles 'width: "auto"' or 'height: "auto"' to maintain the aspect ratio. @ http://localhost:3001/_next/static/chunks/node_modules_next_dist_f3530cac._.js:2297
[ 2138596ms] [WARNING] Image with src "/delicious-donut-with-pink-topping.jpg" has "fill" but is missing "sizes" prop. Please add it to improve page performance. Read more: https://nextjs.org/docs/api-reference/next/image#sizes @ http://localhost:3001/_next/static/chunks/node_modules_next_dist_f3530cac._.js:2297
[ 2138632ms] [WARNING] Image with src "/0ecf3d1211dc0776a8c83b01652e286f.png" has "fill" but is missing "sizes" prop. Please add it to improve page performance. Read more: https://nextjs.org/docs/api-reference/next/image#sizes @ http://localhost:3001/_next/static/chunks/node_modules_next_dist_f3530cac._.js:2297
[ 2138663ms] [WARNING] Image with src "/8eb77863ce39f6189a5cf328ade17d0c.png" has "fill" but is missing "sizes" prop. Please add it to improve page performance. Read more: https://nextjs.org/docs/api-reference/next/image#sizes @ http://localhost:3001/_next/static/chunks/node_modules_next_dist_f3530cac._.js:2297
[ 2138702ms] [WARNING] Image with src "/ad3f00bb70d6cce7efc36c20a64030ac.png" has "fill" but is missing "sizes" prop. Please add it to improve page performance. Read more: https://nextjs.org/docs/api-reference/next/image#sizes @ http://localhost:3001/_next/static/chunks/node_modules_next_dist_f3530cac._.js:2297
[ 2195434ms] [ERROR] Failed to load resource: the server responded with a status of 404 (Not Found) @ http://localhost:3001/icons/icon-144x144.png:0
[ 2195444ms] [WARNING] Image with src "/51506fab3439193252f9ee96e1a40b5f.png" has either width or height modified, but not the other. If you use CSS to change the size of your image, also include the styles 'width: "auto"' or 'height: "auto"' to maintain the aspect ratio. @ http://localhost:3001/_next/static/chunks/node_modules_next_dist_f3530cac._.js:2297
[ 2195448ms] [WARNING] Image with src "/956a13bc6cd7e0c9fc942ab523d984a8.png" has either width or height modified, but not the other. If you use CSS to change the size of your image, also include the styles 'width: "auto"' or 'height: "auto"' to maintain the aspect ratio. @ http://localhost:3001/_next/static/chunks/node_modules_next_dist_f3530cac._.js:2297
[ 2195458ms] [WARNING] Error while trying to use the following icon from the Manifest: http://localhost:3001/icons/icon-144x144.png (Download error or resource isn't a valid image) @ http://localhost:3001/tr:0
[ 2195472ms] [WARNING] Image with src "/delicious-donut-with-pink-topping.jpg" has "fill" but is missing "sizes" prop. Please add it to improve page performance. Read more: https://nextjs.org/docs/api-reference/next/image#sizes @ http://localhost:3001/_next/static/chunks/node_modules_next_dist_f3530cac._.js:2297
[ 2195507ms] [WARNING] Image with src "/0ecf3d1211dc0776a8c83b01652e286f.png" has "fill" but is missing "sizes" prop. Please add it to improve page performance. Read more: https://nextjs.org/docs/api-reference/next/image#sizes @ http://localhost:3001/_next/static/chunks/node_modules_next_dist_f3530cac._.js:2297
[ 2195540ms] [WARNING] Image with src "/8eb77863ce39f6189a5cf328ade17d0c.png" has "fill" but is missing "sizes" prop. Please add it to improve page performance. Read more: https://nextjs.org/docs/api-reference/next/image#sizes @ http://localhost:3001/_next/static/chunks/node_modules_next_dist_f3530cac._.js:2297
[ 2195587ms] [WARNING] Image with src "/ad3f00bb70d6cce7efc36c20a64030ac.png" has "fill" but is missing "sizes" prop. Please add it to improve page performance. Read more: https://nextjs.org/docs/api-reference/next/image#sizes @ http://localhost:3001/_next/static/chunks/node_modules_next_dist_f3530cac._.js:2297
[ 2204516ms] [ERROR] Failed to load resource: the server responded with a status of 404 (Not Found) @ http://localhost:3001/icons/icon-144x144.png:0
[ 2204523ms] [WARNING] Error while trying to use the following icon from the Manifest: http://localhost:3001/icons/icon-144x144.png (Download error or resource isn't a valid image) @ http://localhost:3001/tr:0
[ 2240219ms] [WARNING] Image with src "/9877db2dcff20bf4feec3349824f74e3.png" has either width or height modified, but not the other. If you use CSS to change the size of your image, also include the styles 'width: "auto"' or 'height: "auto"' to maintain the aspect ratio. @ http://localhost:3001/_next/static/chunks/node_modules_next_dist_f3530cac._.js:2297
[ 2242145ms] [WARNING] Image with src "/delicious-donut-with-pink-topping.jpg" has either width or height modified, but not the other. If you use CSS to change the size of your image, also include the styles 'width: "auto"' or 'height: "auto"' to maintain the aspect ratio. @ http://localhost:3001/_next/static/chunks/node_modules_next_dist_f3530cac._.js:2297
[ 2245261ms] [WARNING] Image with src "/0ecf3d1211dc0776a8c83b01652e286f.png" has either width or height modified, but not the other. If you use CSS to change the size of your image, also include the styles 'width: "auto"' or 'height: "auto"' to maintain the aspect ratio. @ http://localhost:3001/_next/static/chunks/node_modules_next_dist_f3530cac._.js:2297
[ 2251295ms] [WARNING] Image with src "/a0f87c462026bee95d2ccf126b9bc60a.png" has either width or height modified, but not the other. If you use CSS to change the size of your image, also include the styles 'width: "auto"' or 'height: "auto"' to maintain the aspect ratio. @ http://localhost:3001/_next/static/chunks/node_modules_next_dist_f3530cac._.js:2297
[ 2385317ms] [ERROR] Failed to load resource: net::ERR_CONNECTION_REFUSED @ http://localhost:3001/_next/image?url=%2Fdoughnut-planet-flat-cartoon-style%2F22-05.jpg&w=96&q=75:0
[ 2386356ms] [ERROR] WebSocket connection to 'ws://localhost:3001/_next/webpack-hmr?id=aQFBoE9BBvYNoOQGj-c7M' failed: Error in connection establishment: net::ERR_CONNECTION_REFUSED @ http://localhost:3001/_next/static/chunks/node_modules_next_dist_client_17643121._.js:10878
[ 2389722ms] [ERROR] WebSocket connection to 'ws://localhost:3001/_next/webpack-hmr?id=aQFBoE9BBvYNoOQGj-c7M' failed: Error in connection establishment: net::ERR_CONNECTION_REFUSED @ http://localhost:3001/_next/static/chunks/node_modules_next_dist_client_17643121._.js:10878
[ 2392828ms] [ERROR] Failed to load resource: the server responded with a status of 404 (Not Found) @ http://localhost:3001/icons/icon-144x144.png:0
[ 2392849ms] [WARNING] Image with src "/51506fab3439193252f9ee96e1a40b5f.png" has either width or height modified, but not the other. If you use CSS to change the size of your image, also include the styles 'width: "auto"' or 'height: "auto"' to maintain the aspect ratio. @ http://localhost:3001/_next/static/chunks/node_modules_next_dist_f3530cac._.js:2297
[ 2392853ms] [WARNING] Image with src "/956a13bc6cd7e0c9fc942ab523d984a8.png" has either width or height modified, but not the other. If you use CSS to change the size of your image, also include the styles 'width: "auto"' or 'height: "auto"' to maintain the aspect ratio. @ http://localhost:3001/_next/static/chunks/node_modules_next_dist_f3530cac._.js:2297
[ 2392853ms] [WARNING] Image with src "/delicious-donut-with-pink-topping.jpg" has either width or height modified, but not the other. If you use CSS to change the size of your image, also include the styles 'width: "auto"' or 'height: "auto"' to maintain the aspect ratio. @ http://localhost:3001/_next/static/chunks/node_modules_next_dist_f3530cac._.js:2297
[ 2392882ms] [WARNING] Image with src "/delicious-donut-with-pink-topping.jpg" has "fill" but is missing "sizes" prop. Please add it to improve page performance. Read more: https://nextjs.org/docs/api-reference/next/image#sizes @ http://localhost:3001/_next/static/chunks/node_modules_next_dist_f3530cac._.js:2297
[ 2392913ms] [WARNING] Error while trying to use the following icon from the Manifest: http://localhost:3001/icons/icon-144x144.png (Download error or resource isn't a valid image) @ http://localhost:3001/tr:0
[ 2392944ms] [WARNING] Image with src "/0ecf3d1211dc0776a8c83b01652e286f.png" has "fill" but is missing "sizes" prop. Please add it to improve page performance. Read more: https://nextjs.org/docs/api-reference/next/image#sizes @ http://localhost:3001/_next/static/chunks/node_modules_next_dist_f3530cac._.js:2297
[ 2392979ms] [WARNING] Image with src "/8eb77863ce39f6189a5cf328ade17d0c.png" has "fill" but is missing "sizes" prop. Please add it to improve page performance. Read more: https://nextjs.org/docs/api-reference/next/image#sizes @ http://localhost:3001/_next/static/chunks/node_modules_next_dist_f3530cac._.js:2297
[ 2393019ms] [WARNING] Image with src "/ad3f00bb70d6cce7efc36c20a64030ac.png" has "fill" but is missing "sizes" prop. Please add it to improve page performance. Read more: https://nextjs.org/docs/api-reference/next/image#sizes @ http://localhost:3001/_next/static/chunks/node_modules_next_dist_f3530cac._.js:2297
[ 2398790ms] [WARNING] Image with src "/0ecf3d1211dc0776a8c83b01652e286f.png" has either width or height modified, but not the other. If you use CSS to change the size of your image, also include the styles 'width: "auto"' or 'height: "auto"' to maintain the aspect ratio. @ http://localhost:3001/_next/static/chunks/node_modules_next_dist_f3530cac._.js:2297
[ 2404827ms] [WARNING] Image with src "/a0f87c462026bee95d2ccf126b9bc60a.png" has either width or height modified, but not the other. If you use CSS to change the size of your image, also include the styles 'width: "auto"' or 'height: "auto"' to maintain the aspect ratio. @ http://localhost:3001/_next/static/chunks/node_modules_next_dist_f3530cac._.js:2297
[ 2406841ms] [WARNING] Image with src "/9877db2dcff20bf4feec3349824f74e3.png" has either width or height modified, but not the other. If you use CSS to change the size of your image, also include the styles 'width: "auto"' or 'height: "auto"' to maintain the aspect ratio. @ http://localhost:3001/_next/static/chunks/node_modules_next_dist_f3530cac._.js:2297
[ 4131411ms] [WARNING] Image with src "/51506fab3439193252f9ee96e1a40b5f.png" was detected as the Largest Contentful Paint (LCP). Please add the `loading="eager"` property if this image is above the fold.
Read more: https://nextjs.org/docs/app/api-reference/components/image#loading @ http://localhost:3001/_next/static/chunks/node_modules_next_dist_f3530cac._.js:2297
[ 4132512ms] [WARNING] Image with src "/freepik__adjust__37854.png" has either width or height modified, but not the other. If you use CSS to change the size of your image, also include the styles 'width: "auto"' or 'height: "auto"' to maintain the aspect ratio. @ http://localhost:3001/_next/static/chunks/node_modules_next_dist_f3530cac._.js:2297
[ 4132512ms] [WARNING] Image with src "/dc3454e72f5671b5fcc7f12b8233cecb.png" has either width or height modified, but not the other. If you use CSS to change the size of your image, also include the styles 'width: "auto"' or 'height: "auto"' to maintain the aspect ratio. @ http://localhost:3001/_next/static/chunks/node_modules_next_dist_f3530cac._.js:2297
[ 4132512ms] [WARNING] Image with src "/787a097af800f098a6771a29fb1a6020.png" has either width or height modified, but not the other. If you use CSS to change the size of your image, also include the styles 'width: "auto"' or 'height: "auto"' to maintain the aspect ratio. @ http://localhost:3001/_next/static/chunks/node_modules_next_dist_f3530cac._.js:2297
[ 4133032ms] [WARNING] Image with src "/dbea9821a0ee4b6e55b977a594d02c2f.png" has either width or height modified, but not the other. If you use CSS to change the size of your image, also include the styles 'width: "auto"' or 'height: "auto"' to maintain the aspect ratio. @ http://localhost:3001/_next/static/chunks/node_modules_next_dist_f3530cac._.js:2297
[ 4136663ms] [WARNING] Image with src "/0f4bb6ffe944416239a3a0351bc21d37.png" has either width or height modified, but not the other. If you use CSS to change the size of your image, also include the styles 'width: "auto"' or 'height: "auto"' to maintain the aspect ratio. @ http://localhost:3001/_next/static/chunks/node_modules_next_dist_f3530cac._.js:2297
[ 4136767ms] [WARNING] Image with src "/ad3f00bb70d6cce7efc36c20a64030ac.png" has either width or height modified, but not the other. If you use CSS to change the size of your image, also include the styles 'width: "auto"' or 'height: "auto"' to maintain the aspect ratio. @ http://localhost:3001/_next/static/chunks/node_modules_next_dist_f3530cac._.js:2297
[ 4143647ms] [ERROR] Failed to load resource: the server responded with a status of 404 (Not Found) @ http://localhost:3001/icons/icon-144x144.png:0
[ 4143657ms] [WARNING] Error while trying to use the following icon from the Manifest: http://localhost:3001/icons/icon-144x144.png (Download error or resource isn't a valid image) @ http://localhost:3001/en:0
